<?xml version="1.0" encoding="UTF-8"?>
<!-- Generated by org.testng.reporters.JUnitReportReporter -->
<testsuite skipped="0" hostname="LAPTOP-0VLGHIQI" name="com.resonance.RegressionTests" tests="1" failures="0" timestamp="2022-05-18T17:30:10 IST" time="22.906" errors="0">
  <testcase name="verfifyConfirmationAlertIsOpened" time="22.906" classname="com.resonance.RegressionTests"/>
  <system-out/>
</testsuite> <!-- com.resonance.RegressionTests -->
